Using pre-set license
Built from '2020.2/release' branch; Version is '2020.2.0f1 (3721df5a8b28) revision 3613151'; Using compiler version '192528614'; Build Type 'Release'
OS: 'Windows 10  (10.0.0) 64bit' Language: 'en' Physical Memory: 16316 MB
BatchMode: 1, IsHumanControllingUs: 0, StartBugReporterOnCrash: 0, Is64bit: 1, IsPro: 0

 COMMAND LINE ARGUMENTS:
C:\Program Files\Unity\Hub\Editor\2020.2.0f1\Editor\Unity.exe
-adb2
-batchMode
-noUpm
-name
AssetImportWorker0
-projectPath
D:/Unity Projects D/MLAPI Default Proj/Lily_IT4080C/MLAPI DEFAULT PROJ
-logFile
Logs/AssetImportWorker0.log
-srvPort
50129
Successfully changed project path to: D:/Unity Projects D/MLAPI Default Proj/Lily_IT4080C/MLAPI DEFAULT PROJ
D:/Unity Projects D/MLAPI Default Proj/Lily_IT4080C/MLAPI DEFAULT PROJ
Using Asset Import Pipeline V2.
Refreshing native plugins compatible for Editor in 25.49 ms, found 0 plugins.
Preloading 0 native plugins for Editor in 0.00 ms.
Initialize engine version: 2020.2.0f1 (3721df5a8b28)
[Subsystems] Discovering subsystems at path C:/Program Files/Unity/Hub/Editor/2020.2.0f1/Editor/Data/Resources/UnitySubsystems
[Subsystems] Discovering subsystems at path D:/Unity Projects D/MLAPI Default Proj/Lily_IT4080C/MLAPI DEFAULT PROJ/Assets
GfxDevice: creating device client; threaded=0
Direct3D:
    Version:  Direct3D 11.0 [level 11.1]
    Renderer: NVIDIA GeForce GTX 1060 6GB (ID=0x1c03)
    Vendor:   
    VRAM:     6052 MB
    Driver:   30.0.14.7141
Initialize mono
Mono path[0] = 'C:/Program Files/Unity/Hub/Editor/2020.2.0f1/Editor/Data/Managed'
Mono path[1] = 'C:/Program Files/Unity/Hub/Editor/2020.2.0f1/Editor/Data/MonoBleedingEdge/lib/mono/unityjit'
Mono config path = 'C:/Program Files/Unity/Hub/Editor/2020.2.0f1/Editor/Data/MonoBleedingEdge/etc'
Using monoOptions --debugger-agent=transport=dt_socket,embedding=1,server=y,suspend=n,address=127.0.0.1:56620
Begin MonoManager ReloadAssembly
Registering precompiled unity dll's ...
Register platform support module: C:/Program Files/Unity/Hub/Editor/2020.2.0f1/Editor/Data/PlaybackEngines/WebGLSupport/UnityEditor.WebGL.Extensions.dll
Register platform support module: C:/Program Files/Unity/Hub/Editor/2020.2.0f1/Editor/Data/PlaybackEngines/WindowsStandaloneSupport/UnityEditor.WindowsStandalone.Extensions.dll
Registered in 0.002366 seconds.
Native extension for WindowsStandalone target not found
Native extension for WebGL target not found
Refreshing native plugins compatible for Editor in 23.86 ms, found 0 plugins.
Preloading 0 native plugins for Editor in 0.00 ms.
Invoked RoslynAnalysisRunner static constructor.
RoslynAnalysisRunner will not be running.
RoslynAnalysisRunner has terminated.
Mono: successfully reloaded assembly
- Completed reload, in  1.029 seconds
Platform modules already initialized, skipping
Registering precompiled user dll's ...
Registered in 0.002614 seconds.
Begin MonoManager ReloadAssembly
Native extension for WindowsStandalone target not found
Native extension for WebGL target not found
Refreshing native plugins compatible for Editor in 0.28 ms, found 0 plugins.
Preloading 0 native plugins for Editor in 0.00 ms.
Invoked RoslynAnalysisRunner static constructor.
RoslynAnalysisRunner will not be running.
RoslynAnalysisRunner has terminated.
Mono: successfully reloaded assembly
- Completed reload, in  0.784 seconds
Platform modules already initialized, skipping
========================================================================
Worker process is ready to serve import requests
Launched and connected shader compiler UnityShaderCompiler.exe after 0.06 seconds
Refreshing native plugins compatible for Editor in 0.21 ms, found 0 plugins.
Preloading 0 native plugins for Editor in 0.00 ms.
Unloading 1223 Unused Serialized files (Serialized files now loaded: 0)
System memory in use before: 60.3 MB.
System memory in use after: 60.4 MB.

Unloading 14 unused Assets to reduce memory usage. Loaded Objects now: 1660.
Total: 1.477500 ms (FindLiveObjects: 0.119700 ms CreateObjectMapping: 0.036500 ms MarkObjects: 1.270200 ms  DeleteObjects: 0.050100 ms)

========================================================================
Received Import Request.
  path: Assets/Players/MP_Movement.cs
  artifactKey: Guid(24d25e1f9138f064ba6582dccb3d3fc7) Importer(815301076,1909f56bfc062723c751e8b465ee728b)
Start importing Assets/Players/MP_Movement.cs using Guid(24d25e1f9138f064ba6582dccb3d3fc7) Importer(815301076,1909f56bfc062723c751e8b465ee728b)  -> (artifact id: '9e84a00322e677b60c8aef884792dd5a') in 0.024735 seconds
  Import took 0.026863 seconds .

========================================================================
Received Import Request.
  Time since last request: 0.000216 seconds.
  path: Assets/Players/Player.prefab
  artifactKey: Guid(bee0fb6bb22e7964b8951baae2500c0c) Importer(815301076,1909f56bfc062723c751e8b465ee728b)
Start importing Assets/Players/Player.prefab using Guid(bee0fb6bb22e7964b8951baae2500c0c) Importer(815301076,1909f56bfc062723c751e8b465ee728b)  -> (artifact id: '33339b7cb3e9e583efde95e3af219aa8') in 0.082314 seconds
  Import took 0.084492 seconds .

========================================================================
Received Prepare
Registering precompiled user dll's ...
Registered in 0.002340 seconds.
Begin MonoManager ReloadAssembly
Native extension for WindowsStandalone target not found
Native extension for WebGL target not found
Refreshing native plugins compatible for Editor in 0.24 ms, found 0 plugins.
Preloading 0 native plugins for Editor in 0.00 ms.
Invoked RoslynAnalysisRunner static constructor.
RoslynAnalysisRunner will not be running.
RoslynAnalysisRunner has terminated.
Mono: successfully reloaded assembly
- Completed reload, in  0.671 seconds
Platform modules already initialized, skipping
Refreshing native plugins compatible for Editor in 0.23 ms, found 0 plugins.
Preloading 0 native plugins for Editor in 0.00 ms.
Unloading 1218 Unused Serialized files (Serialized files now loaded: 0)
System memory in use before: 63.5 MB.
System memory in use after: 63.6 MB.

Unloading 10 unused Assets to reduce memory usage. Loaded Objects now: 1670.
Total: 1.494200 ms (FindLiveObjects: 0.108700 ms CreateObjectMapping: 0.030600 ms MarkObjects: 1.316100 ms  DeleteObjects: 0.037900 ms)

========================================================================
Received Prepare
Registering precompiled user dll's ...
Registered in 0.002506 seconds.
Begin MonoManager ReloadAssembly
Native extension for WindowsStandalone target not found
Native extension for WebGL target not found
Refreshing native plugins compatible for Editor in 0.22 ms, found 0 plugins.
Preloading 0 native plugins for Editor in 0.00 ms.
Invoked RoslynAnalysisRunner static constructor.
RoslynAnalysisRunner will not be running.
RoslynAnalysisRunner has terminated.
Mono: successfully reloaded assembly
- Completed reload, in  0.667 seconds
Platform modules already initialized, skipping
Refreshing native plugins compatible for Editor in 0.22 ms, found 0 plugins.
Preloading 0 native plugins for Editor in 0.00 ms.
Unloading 1218 Unused Serialized files (Serialized files now loaded: 0)
System memory in use before: 63.7 MB.
System memory in use after: 63.7 MB.

Unloading 9 unused Assets to reduce memory usage. Loaded Objects now: 1672.
Total: 1.575000 ms (FindLiveObjects: 0.193700 ms CreateObjectMapping: 0.064800 ms MarkObjects: 1.273200 ms  DeleteObjects: 0.041700 ms)

========================================================================
Received Prepare
Registering precompiled user dll's ...
Registered in 0.002694 seconds.
Begin MonoManager ReloadAssembly
Native extension for WindowsStandalone target not found
Native extension for WebGL target not found
Refreshing native plugins compatible for Editor in 0.24 ms, found 0 plugins.
Preloading 0 native plugins for Editor in 0.00 ms.
Invoked RoslynAnalysisRunner static constructor.
RoslynAnalysisRunner will not be running.
RoslynAnalysisRunner has terminated.
Mono: successfully reloaded assembly
- Completed reload, in  0.678 seconds
Platform modules already initialized, skipping
Refreshing native plugins compatible for Editor in 0.22 ms, found 0 plugins.
Preloading 0 native plugins for Editor in 0.00 ms.
Unloading 1218 Unused Serialized files (Serialized files now loaded: 0)
System memory in use before: 63.8 MB.
System memory in use after: 63.9 MB.

Unloading 9 unused Assets to reduce memory usage. Loaded Objects now: 1674.
Total: 1.536000 ms (FindLiveObjects: 0.110100 ms CreateObjectMapping: 0.030800 ms MarkObjects: 1.355900 ms  DeleteObjects: 0.038400 ms)

========================================================================
Received Import Request.
  Time since last request: 160.064393 seconds.
  path: Assets/Players/Player.prefab
  artifactKey: Guid(bee0fb6bb22e7964b8951baae2500c0c) Importer(815301076,1909f56bfc062723c751e8b465ee728b)
Start importing Assets/Players/Player.prefab using Guid(bee0fb6bb22e7964b8951baae2500c0c) Importer(815301076,1909f56bfc062723c751e8b465ee728b)  -> (artifact id: '0f550e160716af3963e43f4dcd2ba518') in 0.054249 seconds
  Import took 0.056133 seconds .

========================================================================
Received Prepare
Registering precompiled user dll's ...
Registered in 0.002653 seconds.
Begin MonoManager ReloadAssembly
Native extension for WindowsStandalone target not found
Native extension for WebGL target not found
Refreshing native plugins compatible for Editor in 0.26 ms, found 0 plugins.
Preloading 0 native plugins for Editor in 0.00 ms.
Invoked RoslynAnalysisRunner static constructor.
RoslynAnalysisRunner will not be running.
RoslynAnalysisRunner has terminated.
Mono: successfully reloaded assembly
- Completed reload, in  0.662 seconds
Platform modules already initialized, skipping
Refreshing native plugins compatible for Editor in 0.21 ms, found 0 plugins.
Preloading 0 native plugins for Editor in 0.00 ms.
Unloading 1218 Unused Serialized files (Serialized files now loaded: 0)
System memory in use before: 63.9 MB.
System memory in use after: 64.0 MB.

Unloading 10 unused Assets to reduce memory usage. Loaded Objects now: 1677.
Total: 1.447200 ms (FindLiveObjects: 0.114000 ms CreateObjectMapping: 0.031100 ms MarkObjects: 1.264800 ms  DeleteObjects: 0.036600 ms)

========================================================================
Received Prepare
Registering precompiled user dll's ...
Registered in 0.003081 seconds.
Begin MonoManager ReloadAssembly
Native extension for WindowsStandalone target not found
Native extension for WebGL target not found
Refreshing native plugins compatible for Editor in 0.24 ms, found 0 plugins.
Preloading 0 native plugins for Editor in 0.00 ms.
Invoked RoslynAnalysisRunner static constructor.
RoslynAnalysisRunner will not be running.
RoslynAnalysisRunner has terminated.
Mono: successfully reloaded assembly
- Completed reload, in  0.836 seconds
Platform modules already initialized, skipping
Refreshing native plugins compatible for Editor in 0.35 ms, found 0 plugins.
Preloading 0 native plugins for Editor in 0.00 ms.
Unloading 1218 Unused Serialized files (Serialized files now loaded: 0)
System memory in use before: 64.0 MB.
System memory in use after: 64.1 MB.

Unloading 9 unused Assets to reduce memory usage. Loaded Objects now: 1679.
Total: 1.566400 ms (FindLiveObjects: 0.189500 ms CreateObjectMapping: 0.038000 ms MarkObjects: 1.298000 ms  DeleteObjects: 0.039700 ms)

========================================================================
Received Prepare
Registering precompiled user dll's ...
Registered in 0.003286 seconds.
Begin MonoManager ReloadAssembly
Native extension for WindowsStandalone target not found
Native extension for WebGL target not found
Refreshing native plugins compatible for Editor in 0.42 ms, found 0 plugins.
Preloading 0 native plugins for Editor in 0.00 ms.
Invoked RoslynAnalysisRunner static constructor.
RoslynAnalysisRunner will not be running.
RoslynAnalysisRunner has terminated.
Mono: successfully reloaded assembly
- Completed reload, in  0.891 seconds
Platform modules already initialized, skipping
Refreshing native plugins compatible for Editor in 0.22 ms, found 0 plugins.
Preloading 0 native plugins for Editor in 0.00 ms.
Unloading 1218 Unused Serialized files (Serialized files now loaded: 0)
System memory in use before: 64.1 MB.
System memory in use after: 64.2 MB.

Unloading 9 unused Assets to reduce memory usage. Loaded Objects now: 1681.
Total: 2.035700 ms (FindLiveObjects: 0.194800 ms CreateObjectMapping: 0.052300 ms MarkObjects: 1.735900 ms  DeleteObjects: 0.051100 ms)

========================================================================
Received Prepare
Registering precompiled user dll's ...
Registered in 0.002454 seconds.
Begin MonoManager ReloadAssembly
Native extension for WindowsStandalone target not found
Native extension for WebGL target not found
Refreshing native plugins compatible for Editor in 0.41 ms, found 0 plugins.
Preloading 0 native plugins for Editor in 0.00 ms.
Invoked RoslynAnalysisRunner static constructor.
RoslynAnalysisRunner will not be running.
RoslynAnalysisRunner has terminated.
Mono: successfully reloaded assembly
- Completed reload, in  0.685 seconds
Platform modules already initialized, skipping
Refreshing native plugins compatible for Editor in 0.21 ms, found 0 plugins.
Preloading 0 native plugins for Editor in 0.00 ms.
Unloading 1218 Unused Serialized files (Serialized files now loaded: 0)
System memory in use before: 64.3 MB.
System memory in use after: 64.3 MB.

Unloading 9 unused Assets to reduce memory usage. Loaded Objects now: 1683.
Total: 1.505300 ms (FindLiveObjects: 0.143400 ms CreateObjectMapping: 0.042300 ms MarkObjects: 1.267300 ms  DeleteObjects: 0.051400 ms)

========================================================================
Received Import Request.
  Time since last request: 145.169862 seconds.
  path: Assets/Players/Player.prefab
  artifactKey: Guid(bee0fb6bb22e7964b8951baae2500c0c) Importer(815301076,1909f56bfc062723c751e8b465ee728b)
Start importing Assets/Players/Player.prefab using Guid(bee0fb6bb22e7964b8951baae2500c0c) Importer(815301076,1909f56bfc062723c751e8b465ee728b)  -> (artifact id: 'b57384206c1753e9b3a67673f852e12c') in 0.051753 seconds
  Import took 0.053538 seconds .

========================================================================
Received Prepare
Registering precompiled user dll's ...
Registered in 0.002598 seconds.
Begin MonoManager ReloadAssembly
Native extension for WindowsStandalone target not found
Native extension for WebGL target not found
Refreshing native plugins compatible for Editor in 0.24 ms, found 0 plugins.
Preloading 0 native plugins for Editor in 0.00 ms.
Invoked RoslynAnalysisRunner static constructor.
RoslynAnalysisRunner will not be running.
RoslynAnalysisRunner has terminated.
Mono: successfully reloaded assembly
- Completed reload, in  0.700 seconds
Platform modules already initialized, skipping
Refreshing native plugins compatible for Editor in 0.26 ms, found 0 plugins.
Preloading 0 native plugins for Editor in 0.00 ms.
Unloading 1218 Unused Serialized files (Serialized files now loaded: 0)
System memory in use before: 64.4 MB.
System memory in use after: 64.5 MB.

Unloading 10 unused Assets to reduce memory usage. Loaded Objects now: 1686.
Total: 2.149500 ms (FindLiveObjects: 0.130600 ms CreateObjectMapping: 0.038900 ms MarkObjects: 1.913800 ms  DeleteObjects: 0.064500 ms)

========================================================================
Received Prepare
Registering precompiled user dll's ...
Registered in 0.002454 seconds.
Begin MonoManager ReloadAssembly
Native extension for WindowsStandalone target not found
Native extension for WebGL target not found
Refreshing native plugins compatible for Editor in 0.21 ms, found 0 plugins.
Preloading 0 native plugins for Editor in 0.00 ms.
Invoked RoslynAnalysisRunner static constructor.
RoslynAnalysisRunner will not be running.
RoslynAnalysisRunner has terminated.
Mono: successfully reloaded assembly
- Completed reload, in  0.704 seconds
Platform modules already initialized, skipping
Refreshing native plugins compatible for Editor in 0.23 ms, found 0 plugins.
Preloading 0 native plugins for Editor in 0.00 ms.
Unloading 1218 Unused Serialized files (Serialized files now loaded: 0)
System memory in use before: 64.5 MB.
System memory in use after: 64.6 MB.

Unloading 9 unused Assets to reduce memory usage. Loaded Objects now: 1688.
Total: 1.553900 ms (FindLiveObjects: 0.164500 ms CreateObjectMapping: 0.047300 ms MarkObjects: 1.268400 ms  DeleteObjects: 0.072700 ms)

========================================================================
Received Prepare
Registering precompiled user dll's ...
Registered in 0.002661 seconds.
Begin MonoManager ReloadAssembly
Native extension for WindowsStandalone target not found
Native extension for WebGL target not found
Refreshing native plugins compatible for Editor in 0.23 ms, found 0 plugins.
Preloading 0 native plugins for Editor in 0.00 ms.
Invoked RoslynAnalysisRunner static constructor.
RoslynAnalysisRunner will not be running.
RoslynAnalysisRunner has terminated.
Mono: successfully reloaded assembly
- Completed reload, in  0.749 seconds
Platform modules already initialized, skipping
Refreshing native plugins compatible for Editor in 0.29 ms, found 0 plugins.
Preloading 0 native plugins for Editor in 0.00 ms.
Unloading 1218 Unused Serialized files (Serialized files now loaded: 0)
System memory in use before: 64.6 MB.
System memory in use after: 64.7 MB.

Unloading 9 unused Assets to reduce memory usage. Loaded Objects now: 1690.
Total: 2.107700 ms (FindLiveObjects: 0.202900 ms CreateObjectMapping: 0.067600 ms MarkObjects: 1.793300 ms  DeleteObjects: 0.042700 ms)

========================================================================
Received Import Request.
  Time since last request: 451.433046 seconds.
  path: Assets/Players/Player.prefab
  artifactKey: Guid(bee0fb6bb22e7964b8951baae2500c0c) Importer(815301076,1909f56bfc062723c751e8b465ee728b)
Start importing Assets/Players/Player.prefab using Guid(bee0fb6bb22e7964b8951baae2500c0c) Importer(815301076,1909f56bfc062723c751e8b465ee728b)  -> (artifact id: '1bb802704c94182d869b197b4e3cba8f') in 0.056044 seconds
  Import took 0.058240 seconds .

========================================================================
Received Import Request.
  Time since last request: 15.816041 seconds.
  path: Assets/Players/Player.prefab
  artifactKey: Guid(bee0fb6bb22e7964b8951baae2500c0c) Importer(815301076,1909f56bfc062723c751e8b465ee728b)
Start importing Assets/Players/Player.prefab using Guid(bee0fb6bb22e7964b8951baae2500c0c) Importer(815301076,1909f56bfc062723c751e8b465ee728b)  -> (artifact id: '18cfa6c66a884359151da9f4ee604a0b') in 0.011227 seconds
  Import took 0.013180 seconds .

========================================================================
Received Import Request.
  Time since last request: 6.335752 seconds.
  path: Assets/Players/Player.prefab
  artifactKey: Guid(bee0fb6bb22e7964b8951baae2500c0c) Importer(815301076,1909f56bfc062723c751e8b465ee728b)
Start importing Assets/Players/Player.prefab using Guid(bee0fb6bb22e7964b8951baae2500c0c) Importer(815301076,1909f56bfc062723c751e8b465ee728b)  -> (artifact id: '2e3e33d2b5cd3cc5517dbb9855bffa2f') in 0.010849 seconds
  Import took 0.012933 seconds .

========================================================================
Received Import Request.
  Time since last request: 1.598897 seconds.
  path: Assets/Players/Player.prefab
  artifactKey: Guid(bee0fb6bb22e7964b8951baae2500c0c) Importer(815301076,1909f56bfc062723c751e8b465ee728b)
Start importing Assets/Players/Player.prefab using Guid(bee0fb6bb22e7964b8951baae2500c0c) Importer(815301076,1909f56bfc062723c751e8b465ee728b)  -> (artifact id: 'b03f350a1de4f5e1e5a24a6fa8d010dd') in 0.009224 seconds
  Import took 0.011434 seconds .

========================================================================
Received Import Request.
  Time since last request: 2.815045 seconds.
  path: Assets/Players/Player.prefab
  artifactKey: Guid(bee0fb6bb22e7964b8951baae2500c0c) Importer(815301076,1909f56bfc062723c751e8b465ee728b)
Start importing Assets/Players/Player.prefab using Guid(bee0fb6bb22e7964b8951baae2500c0c) Importer(815301076,1909f56bfc062723c751e8b465ee728b)  -> (artifact id: '10866ae0594e80577419f98ff074f66e') in 0.006401 seconds
  Import took 0.008444 seconds .

========================================================================
Received Import Request.
  Time since last request: 3.229525 seconds.
  path: Assets/Players/Player.prefab
  artifactKey: Guid(bee0fb6bb22e7964b8951baae2500c0c) Importer(815301076,1909f56bfc062723c751e8b465ee728b)
Start importing Assets/Players/Player.prefab using Guid(bee0fb6bb22e7964b8951baae2500c0c) Importer(815301076,1909f56bfc062723c751e8b465ee728b)  -> (artifact id: '8223ff971917cfd2dd5f62034ae2d4de') in 0.013859 seconds
  Import took 0.017060 seconds .

========================================================================
Received Prepare
Registering precompiled user dll's ...
Registered in 0.002495 seconds.
Begin MonoManager ReloadAssembly
Native extension for WindowsStandalone target not found
Native extension for WebGL target not found
Refreshing native plugins compatible for Editor in 0.21 ms, found 0 plugins.
Preloading 0 native plugins for Editor in 0.00 ms.
Invoked RoslynAnalysisRunner static constructor.
RoslynAnalysisRunner will not be running.
RoslynAnalysisRunner has terminated.
Mono: successfully reloaded assembly
- Completed reload, in  0.671 seconds
Platform modules already initialized, skipping
Refreshing native plugins compatible for Editor in 0.21 ms, found 0 plugins.
Preloading 0 native plugins for Editor in 0.00 ms.
Unloading 1218 Unused Serialized files (Serialized files now loaded: 0)
System memory in use before: 64.8 MB.
System memory in use after: 64.8 MB.

Unloading 10 unused Assets to reduce memory usage. Loaded Objects now: 1693.
Total: 1.456900 ms (FindLiveObjects: 0.116000 ms CreateObjectMapping: 0.030400 ms MarkObjects: 1.268900 ms  DeleteObjects: 0.040700 ms)

========================================================================
Received Import Request.
  Time since last request: 38.583738 seconds.
  path: Assets/Players/Player.prefab
  artifactKey: Guid(bee0fb6bb22e7964b8951baae2500c0c) Importer(815301076,1909f56bfc062723c751e8b465ee728b)
Start importing Assets/Players/Player.prefab using Guid(bee0fb6bb22e7964b8951baae2500c0c) Importer(815301076,1909f56bfc062723c751e8b465ee728b)  -> (artifact id: '15e36bd2e649aa9db568ce3f1ae2ad19') in 0.054992 seconds
  Import took 0.057168 seconds .

========================================================================
Received Import Request.
  Time since last request: 2.547863 seconds.
  path: Assets/Players/Player.prefab
  artifactKey: Guid(bee0fb6bb22e7964b8951baae2500c0c) Importer(815301076,1909f56bfc062723c751e8b465ee728b)
Start importing Assets/Players/Player.prefab using Guid(bee0fb6bb22e7964b8951baae2500c0c) Importer(815301076,1909f56bfc062723c751e8b465ee728b)  -> (artifact id: '74887721ff47eb76a0d0a69330149df5') in 0.008794 seconds
  Import took 0.011137 seconds .

========================================================================
Received Import Request.
  Time since last request: 2.813230 seconds.
  path: Assets/Players/Player.prefab
  artifactKey: Guid(bee0fb6bb22e7964b8951baae2500c0c) Importer(815301076,1909f56bfc062723c751e8b465ee728b)
Start importing Assets/Players/Player.prefab using Guid(bee0fb6bb22e7964b8951baae2500c0c) Importer(815301076,1909f56bfc062723c751e8b465ee728b)  -> (artifact id: '98f726e79cc3b6138ac83234a37525a4') in 0.006002 seconds
  Import took 0.008090 seconds .

========================================================================
Received Prepare
Registering precompiled user dll's ...
Registered in 0.002595 seconds.
Begin MonoManager ReloadAssembly
Native extension for WindowsStandalone target not found
Native extension for WebGL target not found
Refreshing native plugins compatible for Editor in 0.22 ms, found 0 plugins.
Preloading 0 native plugins for Editor in 0.00 ms.
Invoked RoslynAnalysisRunner static constructor.
RoslynAnalysisRunner will not be running.
RoslynAnalysisRunner has terminated.
Mono: successfully reloaded assembly
- Completed reload, in  0.687 seconds
Platform modules already initialized, skipping
Refreshing native plugins compatible for Editor in 0.24 ms, found 0 plugins.
Preloading 0 native plugins for Editor in 0.00 ms.
Unloading 1218 Unused Serialized files (Serialized files now loaded: 0)
System memory in use before: 64.9 MB.
System memory in use after: 65.0 MB.

Unloading 10 unused Assets to reduce memory usage. Loaded Objects now: 1696.
Total: 1.511300 ms (FindLiveObjects: 0.116600 ms CreateObjectMapping: 0.030900 ms MarkObjects: 1.320400 ms  DeleteObjects: 0.042600 ms)

========================================================================
Received Prepare
Registering precompiled user dll's ...
Registered in 0.002380 seconds.
Begin MonoManager ReloadAssembly
Native extension for WindowsStandalone target not found
Native extension for WebGL target not found
Refreshing native plugins compatible for Editor in 0.26 ms, found 0 plugins.
Preloading 0 native plugins for Editor in 0.00 ms.
Cancelling DisplayDialogComplex: Do you like ParrelSync? Do you like ParrelSync?
If so, please don't hesitate to star it on GitHub and contribute to the project!
This should not be called in batch mode.
UnityEngine.StackTraceUtility:ExtractStackTrace ()
ParrelSync.NonCore.AskFeedbackDialog:ShowDialog () (at Library/PackageCache/com.veriorpies.parrelsync@bb3d5067e4/Editor/NonCore/AskFeedbackDialog.cs:33)
ParrelSync.NonCore.AskFeedbackDialog:.cctor () (at Library/PackageCache/com.veriorpies.parrelsync@bb3d5067e4/Editor/NonCore/AskFeedbackDialog.cs:22)
System.Runtime.CompilerServices.RuntimeHelpers:RunClassConstructor (System.RuntimeTypeHandle)
UnityEditor.EditorAssemblies:ProcessInitializeOnLoadAttributes (System.Type[])

[Library/PackageCache/com.veriorpies.parrelsync@bb3d5067e4/Editor/NonCore/AskFeedbackDialog.cs line 33]

AskFeedbackDialog: Close and never show again.
UnityEngine.StackTraceUtility:ExtractStackTrace ()
UnityEngine.DebugLogHandler:LogFormat (UnityEngine.LogType,UnityEngine.Object,string,object[])
UnityEngine.Logger:Log (UnityEngine.LogType,object)
UnityEngine.Debug:Log (object)
ParrelSync.NonCore.AskFeedbackDialog:ShowDialog () (at Library/PackageCache/com.veriorpies.parrelsync@bb3d5067e4/Editor/NonCore/AskFeedbackDialog.cs:52)
ParrelSync.NonCore.AskFeedbackDialog:.cctor () (at Library/PackageCache/com.veriorpies.parrelsync@bb3d5067e4/Editor/NonCore/AskFeedbackDialog.cs:22)
System.Runtime.CompilerServices.RuntimeHelpers:RunClassConstructor (System.RuntimeTypeHandle)
UnityEditor.EditorAssemblies:ProcessInitializeOnLoadAttributes (System.Type[])

(Filename: Library/PackageCache/com.veriorpies.parrelsync@bb3d5067e4/Editor/NonCore/AskFeedbackDialog.cs Line: 52)

Invoked RoslynAnalysisRunner static constructor.
RoslynAnalysisRunner will not be running.
RoslynAnalysisRunner has terminated.
Mono: successfully reloaded assembly
- Completed reload, in  0.669 seconds
Platform modules already initialized, skipping
Refreshing native plugins compatible for Editor in 0.22 ms, found 0 plugins.
Preloading 0 native plugins for Editor in 0.00 ms.
Unloading 1218 Unused Serialized files (Serialized files now loaded: 0)
System memory in use before: 65.1 MB.
System memory in use after: 65.2 MB.

Unloading 9 unused Assets to reduce memory usage. Loaded Objects now: 1698.
Total: 1.618600 ms (FindLiveObjects: 0.228700 ms CreateObjectMapping: 0.094100 ms MarkObjects: 1.249200 ms  DeleteObjects: 0.045700 ms)

========================================================================
Received Prepare
Registering precompiled user dll's ...
Registered in 0.003935 seconds.
Begin MonoManager ReloadAssembly
Native extension for WindowsStandalone target not found
Native extension for WebGL target not found
Refreshing native plugins compatible for Editor in 0.24 ms, found 0 plugins.
Preloading 0 native plugins for Editor in 0.00 ms.
Invoked RoslynAnalysisRunner static constructor.
RoslynAnalysisRunner will not be running.
RoslynAnalysisRunner has terminated.
Mono: successfully reloaded assembly
- Completed reload, in  0.840 seconds
Platform modules already initialized, skipping
Refreshing native plugins compatible for Editor in 0.30 ms, found 0 plugins.
Preloading 0 native plugins for Editor in 0.00 ms.
Unloading 1218 Unused Serialized files (Serialized files now loaded: 0)
System memory in use before: 65.2 MB.
System memory in use after: 65.3 MB.

Unloading 9 unused Assets to reduce memory usage. Loaded Objects now: 1700.
Total: 2.557600 ms (FindLiveObjects: 0.217900 ms CreateObjectMapping: 0.072600 ms MarkObjects: 2.180900 ms  DeleteObjects: 0.084500 ms)

========================================================================
Received Import Request.
  Time since last request: 107.620806 seconds.
  path: Assets/Players/Player.prefab
  artifactKey: Guid(bee0fb6bb22e7964b8951baae2500c0c) Importer(815301076,1909f56bfc062723c751e8b465ee728b)
Start importing Assets/Players/Player.prefab using Guid(bee0fb6bb22e7964b8951baae2500c0c) Importer(815301076,1909f56bfc062723c751e8b465ee728b)  -> (artifact id: 'ab40521942f77abd73f989abde9b1933') in 0.057921 seconds
  Import took 0.060346 seconds .

========================================================================
Received Prepare
Registering precompiled user dll's ...
Registered in 0.002498 seconds.
Begin MonoManager ReloadAssembly
Native extension for WindowsStandalone target not found
Native extension for WebGL target not found
Refreshing native plugins compatible for Editor in 0.23 ms, found 0 plugins.
Preloading 0 native plugins for Editor in 0.00 ms.
Invoked RoslynAnalysisRunner static constructor.
RoslynAnalysisRunner will not be running.
RoslynAnalysisRunner has terminated.
Mono: successfully reloaded assembly
- Completed reload, in  0.687 seconds
Platform modules already initialized, skipping
Refreshing native plugins compatible for Editor in 0.31 ms, found 0 plugins.
Preloading 0 native plugins for Editor in 0.00 ms.
Unloading 1218 Unused Serialized files (Serialized files now loaded: 0)
System memory in use before: 65.4 MB.
System memory in use after: 65.5 MB.

Unloading 10 unused Assets to reduce memory usage. Loaded Objects now: 1703.
Total: 1.539500 ms (FindLiveObjects: 0.121800 ms CreateObjectMapping: 0.033300 ms MarkObjects: 1.344100 ms  DeleteObjects: 0.039600 ms)

========================================================================
Received Prepare
Registering precompiled user dll's ...
Registered in 0.003182 seconds.
Begin MonoManager ReloadAssembly
Native extension for WindowsStandalone target not found
Native extension for WebGL target not found
Refreshing native plugins compatible for Editor in 0.22 ms, found 0 plugins.
Preloading 0 native plugins for Editor in 0.00 ms.
Invoked RoslynAnalysisRunner static constructor.
RoslynAnalysisRunner will not be running.
RoslynAnalysisRunner has terminated.
Mono: successfully reloaded assembly
- Completed reload, in  0.659 seconds
Platform modules already initialized, skipping
Refreshing native plugins compatible for Editor in 0.21 ms, found 0 plugins.
Preloading 0 native plugins for Editor in 0.00 ms.
Unloading 1218 Unused Serialized files (Serialized files now loaded: 0)
System memory in use before: 65.6 MB.
System memory in use after: 65.6 MB.

Unloading 9 unused Assets to reduce memory usage. Loaded Objects now: 1705.
Total: 1.680400 ms (FindLiveObjects: 0.219900 ms CreateObjectMapping: 0.058800 ms MarkObjects: 1.358800 ms  DeleteObjects: 0.041200 ms)

========================================================================
Received Import Request.
  Time since last request: 307.710162 seconds.
  path: Assets/Players/Player.prefab
  artifactKey: Guid(bee0fb6bb22e7964b8951baae2500c0c) Importer(815301076,1909f56bfc062723c751e8b465ee728b)
Start importing Assets/Players/Player.prefab using Guid(bee0fb6bb22e7964b8951baae2500c0c) Importer(815301076,1909f56bfc062723c751e8b465ee728b)  -> (artifact id: '97916a49f44463803b7ba6d1143aa700') in 0.049748 seconds
  Import took 0.052064 seconds .

========================================================================
Received Prepare
Registering precompiled user dll's ...
Registered in 0.002491 seconds.
Begin MonoManager ReloadAssembly
Native extension for WindowsStandalone target not found
Native extension for WebGL target not found
Refreshing native plugins compatible for Editor in 0.23 ms, found 0 plugins.
Preloading 0 native plugins for Editor in 0.00 ms.
Invoked RoslynAnalysisRunner static constructor.
RoslynAnalysisRunner will not be running.
RoslynAnalysisRunner has terminated.
Mono: successfully reloaded assembly
- Completed reload, in  0.700 seconds
Platform modules already initialized, skipping
Refreshing native plugins compatible for Editor in 0.21 ms, found 0 plugins.
Preloading 0 native plugins for Editor in 0.00 ms.
Unloading 1218 Unused Serialized files (Serialized files now loaded: 0)
System memory in use before: 65.7 MB.
System memory in use after: 65.8 MB.

Unloading 10 unused Assets to reduce memory usage. Loaded Objects now: 1708.
Total: 1.584700 ms (FindLiveObjects: 0.124700 ms CreateObjectMapping: 0.032700 ms MarkObjects: 1.381800 ms  DeleteObjects: 0.044700 ms)

========================================================================
Received Prepare
Registering precompiled user dll's ...
Registered in 0.002919 seconds.
Begin MonoManager ReloadAssembly
Native extension for WindowsStandalone target not found
Native extension for WebGL target not found
Refreshing native plugins compatible for Editor in 0.21 ms, found 0 plugins.
Preloading 0 native plugins for Editor in 0.00 ms.
Invoked RoslynAnalysisRunner static constructor.
RoslynAnalysisRunner will not be running.
RoslynAnalysisRunner has terminated.
Mono: successfully reloaded assembly
- Completed reload, in  0.673 seconds
Platform modules already initialized, skipping
Refreshing native plugins compatible for Editor in 0.21 ms, found 0 plugins.
Preloading 0 native plugins for Editor in 0.00 ms.
Unloading 1218 Unused Serialized files (Serialized files now loaded: 0)
System memory in use before: 64.8 MB.
System memory in use after: 64.9 MB.

Unloading 9 unused Assets to reduce memory usage. Loaded Objects now: 1710.
Total: 1.633700 ms (FindLiveObjects: 0.129200 ms CreateObjectMapping: 0.035600 ms MarkObjects: 1.423500 ms  DeleteObjects: 0.044400 ms)

========================================================================
Received Prepare
Registering precompiled user dll's ...
Registered in 0.002728 seconds.
Begin MonoManager ReloadAssembly
Native extension for WindowsStandalone target not found
Native extension for WebGL target not found
Refreshing native plugins compatible for Editor in 0.26 ms, found 0 plugins.
Preloading 0 native plugins for Editor in 0.00 ms.
Invoked RoslynAnalysisRunner static constructor.
RoslynAnalysisRunner will not be running.
RoslynAnalysisRunner has terminated.
Mono: successfully reloaded assembly
- Completed reload, in  0.786 seconds
Platform modules already initialized, skipping
Refreshing native plugins compatible for Editor in 0.29 ms, found 0 plugins.
Preloading 0 native plugins for Editor in 0.00 ms.
Unloading 1218 Unused Serialized files (Serialized files now loaded: 0)
System memory in use before: 64.9 MB.
System memory in use after: 65.0 MB.

Unloading 9 unused Assets to reduce memory usage. Loaded Objects now: 1712.
Total: 1.767400 ms (FindLiveObjects: 0.214400 ms CreateObjectMapping: 0.076600 ms MarkObjects: 1.430400 ms  DeleteObjects: 0.044600 ms)

AssetImportWorkerClient::OnTransportError - code=2 error=End of file
