Using pre-set license
Built from '2020.2/release' branch; Version is '2020.2.0f1 (3721df5a8b28) revision 3613151'; Using compiler version '192528614'; Build Type 'Release'
OS: 'Windows 10  (10.0.0) 64bit' Language: 'en' Physical Memory: 16316 MB
BatchMode: 1, IsHumanControllingUs: 0, StartBugReporterOnCrash: 0, Is64bit: 1, IsPro: 0

 COMMAND LINE ARGUMENTS:
C:\Program Files\Unity\Hub\Editor\2020.2.0f1\Editor\Unity.exe
-adb2
-batchMode
-noUpm
-name
AssetImportWorker0
-projectPath
D:/Unity Projects D/MLAPI Default Proj/Lily_IT4080C/MLAPI DEFAULT PROJ
-logFile
Logs/AssetImportWorker0.log
-srvPort
50395
Successfully changed project path to: D:/Unity Projects D/MLAPI Default Proj/Lily_IT4080C/MLAPI DEFAULT PROJ
D:/Unity Projects D/MLAPI Default Proj/Lily_IT4080C/MLAPI DEFAULT PROJ
Using Asset Import Pipeline V2.
Refreshing native plugins compatible for Editor in 23.33 ms, found 0 plugins.
Preloading 0 native plugins for Editor in 0.00 ms.
Initialize engine version: 2020.2.0f1 (3721df5a8b28)
[Subsystems] Discovering subsystems at path C:/Program Files/Unity/Hub/Editor/2020.2.0f1/Editor/Data/Resources/UnitySubsystems
[Subsystems] Discovering subsystems at path D:/Unity Projects D/MLAPI Default Proj/Lily_IT4080C/MLAPI DEFAULT PROJ/Assets
GfxDevice: creating device client; threaded=0
Direct3D:
    Version:  Direct3D 11.0 [level 11.1]
    Renderer: NVIDIA GeForce GTX 1060 6GB (ID=0x1c03)
    Vendor:   
    VRAM:     6052 MB
    Driver:   30.0.14.7141
Initialize mono
Mono path[0] = 'C:/Program Files/Unity/Hub/Editor/2020.2.0f1/Editor/Data/Managed'
Mono path[1] = 'C:/Program Files/Unity/Hub/Editor/2020.2.0f1/Editor/Data/MonoBleedingEdge/lib/mono/unityjit'
Mono config path = 'C:/Program Files/Unity/Hub/Editor/2020.2.0f1/Editor/Data/MonoBleedingEdge/etc'
Using monoOptions --debugger-agent=transport=dt_socket,embedding=1,server=y,suspend=n,address=127.0.0.1:56812
Begin MonoManager ReloadAssembly
Registering precompiled unity dll's ...
Register platform support module: C:/Program Files/Unity/Hub/Editor/2020.2.0f1/Editor/Data/PlaybackEngines/WebGLSupport/UnityEditor.WebGL.Extensions.dll
Register platform support module: C:/Program Files/Unity/Hub/Editor/2020.2.0f1/Editor/Data/PlaybackEngines/WindowsStandaloneSupport/UnityEditor.WindowsStandalone.Extensions.dll
Registered in 0.002236 seconds.
Native extension for WindowsStandalone target not found
Native extension for WebGL target not found
Refreshing native plugins compatible for Editor in 22.42 ms, found 0 plugins.
Preloading 0 native plugins for Editor in 0.00 ms.
Invoked RoslynAnalysisRunner static constructor.
RoslynAnalysisRunner will not be running.
RoslynAnalysisRunner has terminated.
Mono: successfully reloaded assembly
- Completed reload, in  1.013 seconds
Platform modules already initialized, skipping
Registering precompiled user dll's ...
Registered in 0.002406 seconds.
Begin MonoManager ReloadAssembly
Native extension for WindowsStandalone target not found
Native extension for WebGL target not found
Refreshing native plugins compatible for Editor in 0.21 ms, found 0 plugins.
Preloading 0 native plugins for Editor in 0.00 ms.
Invoked RoslynAnalysisRunner static constructor.
RoslynAnalysisRunner will not be running.
RoslynAnalysisRunner has terminated.
Mono: successfully reloaded assembly
- Completed reload, in  0.753 seconds
Platform modules already initialized, skipping
========================================================================
Worker process is ready to serve import requests
Launched and connected shader compiler UnityShaderCompiler.exe after 0.05 seconds
Refreshing native plugins compatible for Editor in 0.28 ms, found 0 plugins.
Preloading 0 native plugins for Editor in 0.00 ms.
Unloading 1223 Unused Serialized files (Serialized files now loaded: 0)
System memory in use before: 60.4 MB.
System memory in use after: 60.4 MB.

Unloading 14 unused Assets to reduce memory usage. Loaded Objects now: 1660.
Total: 1.699000 ms (FindLiveObjects: 0.190900 ms CreateObjectMapping: 0.077200 ms MarkObjects: 1.379200 ms  DeleteObjects: 0.051000 ms)

========================================================================
Received Import Request.
  path: Assets/HomeBrew Multiplayer
  artifactKey: Guid(7268791787ff676429ed4a36badb8efe) Importer(815301076,1909f56bfc062723c751e8b465ee728b)
Start importing Assets/HomeBrew Multiplayer using Guid(7268791787ff676429ed4a36badb8efe) Importer(815301076,1909f56bfc062723c751e8b465ee728b)  -> (artifact id: 'dc66bf2c80cd6874523c505a0217f177') in 0.010531 seconds
  Import took 0.012284 seconds .

========================================================================
Received Import Request.
  Time since last request: 195.128434 seconds.
  path: Assets/HomeBrew Multiplayer/HB_NetworkManager.cs
  artifactKey: Guid(c2391f04d8971aa4aa8f1a2699d08136) Importer(815301076,1909f56bfc062723c751e8b465ee728b)
Start importing Assets/HomeBrew Multiplayer/HB_NetworkManager.cs using Guid(c2391f04d8971aa4aa8f1a2699d08136) Importer(815301076,1909f56bfc062723c751e8b465ee728b)  -> (artifact id: 'fabcedc25f9830f2643ad477afd50269') in 0.037429 seconds
  Import took 0.039750 seconds .

========================================================================
Received Prepare
Registering precompiled user dll's ...
Registered in 0.002334 seconds.
Begin MonoManager ReloadAssembly
Native extension for WindowsStandalone target not found
Native extension for WebGL target not found
Refreshing native plugins compatible for Editor in 0.21 ms, found 0 plugins.
Preloading 0 native plugins for Editor in 0.00 ms.
Invoked RoslynAnalysisRunner static constructor.
RoslynAnalysisRunner will not be running.
RoslynAnalysisRunner has terminated.
Mono: successfully reloaded assembly
- Completed reload, in  0.756 seconds
Platform modules already initialized, skipping
Refreshing native plugins compatible for Editor in 0.25 ms, found 0 plugins.
Preloading 0 native plugins for Editor in 0.00 ms.
Unloading 1219 Unused Serialized files (Serialized files now loaded: 0)
System memory in use before: 60.5 MB.
System memory in use after: 60.6 MB.

Unloading 9 unused Assets to reduce memory usage. Loaded Objects now: 1663.
Total: 1.723600 ms (FindLiveObjects: 0.206200 ms CreateObjectMapping: 0.059000 ms MarkObjects: 1.405200 ms  DeleteObjects: 0.050800 ms)

========================================================================
Received Prepare
Registering precompiled user dll's ...
Registered in 0.002371 seconds.
Begin MonoManager ReloadAssembly
Native extension for WindowsStandalone target not found
Native extension for WebGL target not found
Refreshing native plugins compatible for Editor in 0.21 ms, found 0 plugins.
Preloading 0 native plugins for Editor in 0.00 ms.
Invoked RoslynAnalysisRunner static constructor.
RoslynAnalysisRunner will not be running.
RoslynAnalysisRunner has terminated.
Mono: successfully reloaded assembly
- Completed reload, in  0.671 seconds
Platform modules already initialized, skipping
Refreshing native plugins compatible for Editor in 0.21 ms, found 0 plugins.
Preloading 0 native plugins for Editor in 0.00 ms.
Unloading 1219 Unused Serialized files (Serialized files now loaded: 0)
System memory in use before: 60.7 MB.
System memory in use after: 60.8 MB.

Unloading 9 unused Assets to reduce memory usage. Loaded Objects now: 1665.
Total: 1.408300 ms (FindLiveObjects: 0.112100 ms CreateObjectMapping: 0.031700 ms MarkObjects: 1.224600 ms  DeleteObjects: 0.039100 ms)

========================================================================
Received Import Request.
  Time since last request: 438.596168 seconds.
  path: Assets/HomeBrew Multiplayer/HB_NetworkManager.cs
  artifactKey: Guid(c2391f04d8971aa4aa8f1a2699d08136) Importer(815301076,1909f56bfc062723c751e8b465ee728b)
Start importing Assets/HomeBrew Multiplayer/HB_NetworkManager.cs using Guid(c2391f04d8971aa4aa8f1a2699d08136) Importer(815301076,1909f56bfc062723c751e8b465ee728b)  -> (artifact id: '3be0fc3facaf006e32d98f1a2a6a19d8') in 0.006836 seconds
  Import took 0.008517 seconds .

AssetImportWorkerClient::OnTransportError - code=2 error=End of file
